<?xml version="1.0" encoding="utf-8"?>
<CoverageSession>
  <Summary numSequencePoints="47" visitedSequencePoints="16" numBranchPoints="6" visitedBranchPoints="2" sequenceCoverage="34.04" branchCoverage="33.33" maxCyclomaticComplexity="13" minCyclomaticComplexity="13" visitedClasses="2" numClasses="4" visitedMethods="6" numMethods="9" />
  <Modules>
    <Module hash="8047AB07-E77C-4AB2-BDD2-7D42EDAED4EB">
      <ModulePath>Calculador.WebApi.dll</ModulePath>
      <ModuleTime>2024-04-25T12:57:43</ModuleTime>
      <ModuleName>Calculador.WebApi</ModuleName>
      <Files>
        <File uid="1" fullPath="C:\Users\OVALTECH\OneDrive - UNIVERSIDAD PRIVADA DE TACNA\Documentos\GitHub\VideoTests\calculador\Calculador.WebApi\Program.cs" />
        <File uid="2" fullPath="C:\Users\OVALTECH\OneDrive - UNIVERSIDAD PRIVADA DE TACNA\Documentos\GitHub\VideoTests\calculador\Calculador.WebApi\Models\Operation.cs" />
        <File uid="3" fullPath="C:\Users\OVALTECH\OneDrive - UNIVERSIDAD PRIVADA DE TACNA\Documentos\GitHub\VideoTests\calculador\Calculador.WebApi\Models\CalculatorService.cs" />
      </Files>
      <Classes>
        <Class>
          <Summary numSequencePoints="29" visitedSequencePoints="0" numBranchPoints="4" visitedBranchPoints="0" sequenceCoverage="0" branchCoverage="0" maxCyclomaticComplexity="4" minCyclomaticComplexity="4" visitedClasses="0" numClasses="1" visitedMethods="0" numMethods="1" />
          <FullName>Program</FullName>
          <Methods>
            <Method cyclomaticComplexity="4" nPathComplexity="4" sequenceCoverage="0" branchCoverage="0" isConstructor="False" isGetter="False" isSetter="False" isStatic="True">
              <Summary numSequencePoints="29" visitedSequencePoints="0" numBranchPoints="4" visitedBranchPoints="0" sequenceCoverage="0" branchCoverage="0" maxCyclomaticComplexity="4" minCyclomaticComplexity="4" visitedClasses="0" numClasses="0" visitedMethods="0" numMethods="1" />
              <MetadataToken />
              <Name>System.Void Program::&lt;Main&gt;$(System.String[])</Name>
              <FileRef uid="1" />
              <SequencePoints>
                <SequencePoint vc="0" uspid="1" ordinal="0" sl="1" sc="1" el="1" ec="2" bec="0" bev="0" fileid="1" />
                <SequencePoint vc="0" uspid="5" ordinal="1" sl="5" sc="1" el="5" ec="2" bec="0" bev="0" fileid="1" />
                <SequencePoint vc="0" uspid="6" ordinal="2" sl="6" sc="1" el="6" ec="2" bec="0" bev="0" fileid="1" />
                <SequencePoint vc="0" uspid="8" ordinal="3" sl="8" sc="1" el="8" ec="2" bec="0" bev="0" fileid="1" />
                <SequencePoint vc="0" uspid="11" ordinal="4" sl="11" sc="1" el="11" ec="2" bec="2" bev="0" fileid="1" />
                <SequencePoint vc="0" uspid="12" ordinal="5" sl="12" sc="1" el="12" ec="2" bec="0" bev="0" fileid="1" />
                <SequencePoint vc="0" uspid="13" ordinal="6" sl="13" sc="1" el="13" ec="2" bec="0" bev="0" fileid="1" />
                <SequencePoint vc="0" uspid="14" ordinal="7" sl="14" sc="1" el="14" ec="2" bec="0" bev="0" fileid="1" />
                <SequencePoint vc="0" uspid="15" ordinal="8" sl="15" sc="1" el="15" ec="2" bec="0" bev="0" fileid="1" />
                <SequencePoint vc="0" uspid="17" ordinal="9" sl="17" sc="1" el="17" ec="2" bec="0" bev="0" fileid="1" />
                <SequencePoint vc="0" uspid="19" ordinal="10" sl="19" sc="1" el="19" ec="2" bec="0" bev="0" fileid="1" />
                <SequencePoint vc="0" uspid="20" ordinal="11" sl="20" sc="1" el="20" ec="2" bec="0" bev="0" fileid="1" />
                <SequencePoint vc="0" uspid="21" ordinal="12" sl="21" sc="1" el="21" ec="2" bec="0" bev="0" fileid="1" />
                <SequencePoint vc="0" uspid="22" ordinal="13" sl="22" sc="1" el="22" ec="2" bec="0" bev="0" fileid="1" />
                <SequencePoint vc="0" uspid="24" ordinal="14" sl="24" sc="1" el="24" ec="2" bec="0" bev="0" fileid="1" />
                <SequencePoint vc="0" uspid="25" ordinal="15" sl="25" sc="1" el="25" ec="2" bec="0" bev="0" fileid="1" />
                <SequencePoint vc="0" uspid="26" ordinal="16" sl="26" sc="1" el="26" ec="2" bec="2" bev="0" fileid="1" />
                <SequencePoint vc="0" uspid="27" ordinal="17" sl="27" sc="1" el="27" ec="2" bec="0" bev="0" fileid="1" />
                <SequencePoint vc="0" uspid="28" ordinal="18" sl="28" sc="1" el="28" ec="2" bec="0" bev="0" fileid="1" />
                <SequencePoint vc="0" uspid="29" ordinal="19" sl="29" sc="1" el="29" ec="2" bec="0" bev="0" fileid="1" />
                <SequencePoint vc="0" uspid="30" ordinal="20" sl="30" sc="1" el="30" ec="2" bec="0" bev="0" fileid="1" />
                <SequencePoint vc="0" uspid="31" ordinal="21" sl="31" sc="1" el="31" ec="2" bec="0" bev="0" fileid="1" />
                <SequencePoint vc="0" uspid="32" ordinal="22" sl="32" sc="1" el="32" ec="2" bec="0" bev="0" fileid="1" />
                <SequencePoint vc="0" uspid="33" ordinal="23" sl="33" sc="1" el="33" ec="2" bec="0" bev="0" fileid="1" />
                <SequencePoint vc="0" uspid="34" ordinal="24" sl="34" sc="1" el="34" ec="2" bec="0" bev="0" fileid="1" />
                <SequencePoint vc="0" uspid="35" ordinal="25" sl="35" sc="1" el="35" ec="2" bec="0" bev="0" fileid="1" />
                <SequencePoint vc="0" uspid="36" ordinal="26" sl="36" sc="1" el="36" ec="2" bec="0" bev="0" fileid="1" />
                <SequencePoint vc="0" uspid="37" ordinal="27" sl="37" sc="1" el="37" ec="2" bec="0" bev="0" fileid="1" />
                <SequencePoint vc="0" uspid="39" ordinal="28" sl="39" sc="1" el="39" ec="2" bec="0" bev="0" fileid="1" />
              </SequencePoints>
              <BranchPoints>
                <BranchPoint vc="0" uspid="11" ordinal="0" path="0" offset="58" offsetend="60" sl="11" fileid="1" />
                <BranchPoint vc="0" uspid="11" ordinal="1" path="1" offset="58" offsetend="78" sl="11" fileid="1" />
                <BranchPoint vc="0" uspid="26" ordinal="0" path="0" offset="15" offsetend="17" sl="26" fileid="1" />
                <BranchPoint vc="0" uspid="26" ordinal="1" path="1" offset="15" offsetend="39" sl="26" fileid="1" />
              </BranchPoints>
              <MethodPoint vc="0" uspid="0" p8:type="SequencePoint" ordinal="0" offset="0" sc="0" sl="1" ec="1" el="39" bec="0" bev="0" fileid="1" xmlns:p8="xsi" />
            </Method>
          </Methods>
        </Class>
        <Class>
          <Summary numSequencePoints="2" visitedSequencePoints="0" numBranchPoints="0" visitedBranchPoints="0" sequenceCoverage="0" branchCoverage="100" maxCyclomaticComplexity="1" minCyclomaticComplexity="1" visitedClasses="0" numClasses="1" visitedMethods="0" numMethods="2" />
          <FullName>WeatherForecast</FullName>
          <Methods>
            <Method cyclomaticComplexity="1" nPathComplexity="1" sequenceCoverage="0" branchCoverage="100" isConstructor="False" isGetter="True" isSetter="False" isStatic="True">
              <Summary numSequencePoints="1" visitedSequencePoints="0" numBranchPoints="0" visitedBranchPoints="0" sequenceCoverage="0" branchCoverage="100" maxCyclomaticComplexity="1" minCyclomaticComplexity="1" visitedClasses="0" numClasses="0" visitedMethods="0" numMethods="1" />
              <MetadataToken />
              <Name>System.DateOnly WeatherForecast::get_Date()</Name>
              <FileRef uid="1" />
              <SequencePoints>
                <SequencePoint vc="0" uspid="41" ordinal="0" sl="41" sc="1" el="41" ec="2" bec="0" bev="0" fileid="1" />
              </SequencePoints>
              <BranchPoints />
              <MethodPoint vc="0" uspid="0" p8:type="SequencePoint" ordinal="0" offset="0" sc="0" sl="41" ec="1" el="41" bec="0" bev="0" fileid="1" xmlns:p8="xsi" />
            </Method>
            <Method cyclomaticComplexity="1" nPathComplexity="1" sequenceCoverage="0" branchCoverage="100" isConstructor="False" isGetter="True" isSetter="False" isStatic="True">
              <Summary numSequencePoints="1" visitedSequencePoints="0" numBranchPoints="0" visitedBranchPoints="0" sequenceCoverage="0" branchCoverage="100" maxCyclomaticComplexity="1" minCyclomaticComplexity="1" visitedClasses="0" numClasses="0" visitedMethods="0" numMethods="1" />
              <MetadataToken />
              <Name>System.Int32 WeatherForecast::get_TemperatureF()</Name>
              <FileRef uid="1" />
              <SequencePoints>
                <SequencePoint vc="0" uspid="43" ordinal="0" sl="43" sc="1" el="43" ec="2" bec="0" bev="0" fileid="1" />
              </SequencePoints>
              <BranchPoints />
              <MethodPoint vc="0" uspid="0" p8:type="SequencePoint" ordinal="1" offset="1" sc="0" sl="43" ec="1" el="43" bec="0" bev="0" fileid="1" xmlns:p8="xsi" />
            </Method>
          </Methods>
        </Class>
        <Class>
          <Summary numSequencePoints="2" visitedSequencePoints="2" numBranchPoints="0" visitedBranchPoints="0" sequenceCoverage="100" branchCoverage="100" maxCyclomaticComplexity="1" minCyclomaticComplexity="1" visitedClasses="1" numClasses="1" visitedMethods="2" numMethods="2" />
          <FullName>Calculator.Models.Operation</FullName>
          <Methods>
            <Method cyclomaticComplexity="1" nPathComplexity="1" sequenceCoverage="100" branchCoverage="100" isConstructor="False" isGetter="True" isSetter="False" isStatic="True">
              <Summary numSequencePoints="1" visitedSequencePoints="1" numBranchPoints="0" visitedBranchPoints="0" sequenceCoverage="100" branchCoverage="100" maxCyclomaticComplexity="1" minCyclomaticComplexity="1" visitedClasses="0" numClasses="0" visitedMethods="1" numMethods="1" />
              <MetadataToken />
              <Name>System.Double Calculator.Models.Operation::get_Number1()</Name>
              <FileRef uid="2" />
              <SequencePoints>
                <SequencePoint vc="9" uspid="5" ordinal="0" sl="5" sc="1" el="5" ec="2" bec="0" bev="0" fileid="2" />
              </SequencePoints>
              <BranchPoints />
              <MethodPoint vc="1" uspid="0" p8:type="SequencePoint" ordinal="0" offset="0" sc="0" sl="5" ec="1" el="5" bec="0" bev="0" fileid="2" xmlns:p8="xsi" />
            </Method>
            <Method cyclomaticComplexity="1" nPathComplexity="1" sequenceCoverage="100" branchCoverage="100" isConstructor="False" isGetter="True" isSetter="False" isStatic="True">
              <Summary numSequencePoints="1" visitedSequencePoints="1" numBranchPoints="0" visitedBranchPoints="0" sequenceCoverage="100" branchCoverage="100" maxCyclomaticComplexity="1" minCyclomaticComplexity="1" visitedClasses="0" numClasses="0" visitedMethods="1" numMethods="1" />
              <MetadataToken />
              <Name>System.Double Calculator.Models.Operation::get_Number2()</Name>
              <FileRef uid="2" />
              <SequencePoints>
                <SequencePoint vc="11" uspid="6" ordinal="0" sl="6" sc="1" el="6" ec="2" bec="0" bev="0" fileid="2" />
              </SequencePoints>
              <BranchPoints />
              <MethodPoint vc="1" uspid="0" p8:type="SequencePoint" ordinal="1" offset="1" sc="0" sl="6" ec="1" el="6" bec="0" bev="0" fileid="2" xmlns:p8="xsi" />
            </Method>
          </Methods>
        </Class>
        <Class>
          <Summary numSequencePoints="14" visitedSequencePoints="14" numBranchPoints="2" visitedBranchPoints="2" sequenceCoverage="100" branchCoverage="100" maxCyclomaticComplexity="2" minCyclomaticComplexity="1" visitedClasses="1" numClasses="1" visitedMethods="4" numMethods="4" />
          <FullName>Calculator.Services.CalculatorService</FullName>
          <Methods>
            <Method cyclomaticComplexity="1" nPathComplexity="1" sequenceCoverage="100" branchCoverage="100" isConstructor="False" isGetter="False" isSetter="False" isStatic="True">
              <Summary numSequencePoints="3" visitedSequencePoints="3" numBranchPoints="0" visitedBranchPoints="0" sequenceCoverage="100" branchCoverage="100" maxCyclomaticComplexity="1" minCyclomaticComplexity="1" visitedClasses="0" numClasses="0" visitedMethods="1" numMethods="1" />
              <MetadataToken />
              <Name>System.Double Calculator.Services.CalculatorService::Add(Calculator.Models.Operation)</Name>
              <FileRef uid="3" />
              <SequencePoints>
                <SequencePoint vc="1" uspid="8" ordinal="0" sl="8" sc="1" el="8" ec="2" bec="0" bev="0" fileid="3" />
                <SequencePoint vc="1" uspid="9" ordinal="1" sl="9" sc="1" el="9" ec="2" bec="0" bev="0" fileid="3" />
                <SequencePoint vc="1" uspid="10" ordinal="2" sl="10" sc="1" el="10" ec="2" bec="0" bev="0" fileid="3" />
              </SequencePoints>
              <BranchPoints />
              <MethodPoint vc="3" uspid="0" p8:type="SequencePoint" ordinal="0" offset="0" sc="0" sl="8" ec="1" el="10" bec="0" bev="0" fileid="3" xmlns:p8="xsi" />
            </Method>
            <Method cyclomaticComplexity="1" nPathComplexity="1" sequenceCoverage="100" branchCoverage="100" isConstructor="False" isGetter="False" isSetter="False" isStatic="True">
              <Summary numSequencePoints="3" visitedSequencePoints="3" numBranchPoints="0" visitedBranchPoints="0" sequenceCoverage="100" branchCoverage="100" maxCyclomaticComplexity="1" minCyclomaticComplexity="1" visitedClasses="0" numClasses="0" visitedMethods="1" numMethods="1" />
              <MetadataToken />
              <Name>System.Double Calculator.Services.CalculatorService::Subtract(Calculator.Models.Operation)</Name>
              <FileRef uid="3" />
              <SequencePoints>
                <SequencePoint vc="1" uspid="13" ordinal="0" sl="13" sc="1" el="13" ec="2" bec="0" bev="0" fileid="3" />
                <SequencePoint vc="1" uspid="14" ordinal="1" sl="14" sc="1" el="14" ec="2" bec="0" bev="0" fileid="3" />
                <SequencePoint vc="1" uspid="15" ordinal="2" sl="15" sc="1" el="15" ec="2" bec="0" bev="0" fileid="3" />
              </SequencePoints>
              <BranchPoints />
              <MethodPoint vc="3" uspid="0" p8:type="SequencePoint" ordinal="1" offset="1" sc="0" sl="13" ec="1" el="15" bec="0" bev="0" fileid="3" xmlns:p8="xsi" />
            </Method>
            <Method cyclomaticComplexity="1" nPathComplexity="1" sequenceCoverage="100" branchCoverage="100" isConstructor="False" isGetter="False" isSetter="False" isStatic="True">
              <Summary numSequencePoints="3" visitedSequencePoints="3" numBranchPoints="0" visitedBranchPoints="0" sequenceCoverage="100" branchCoverage="100" maxCyclomaticComplexity="1" minCyclomaticComplexity="1" visitedClasses="0" numClasses="0" visitedMethods="1" numMethods="1" />
              <MetadataToken />
              <Name>System.Double Calculator.Services.CalculatorService::Multiply(Calculator.Models.Operation)</Name>
              <FileRef uid="3" />
              <SequencePoints>
                <SequencePoint vc="1" uspid="18" ordinal="0" sl="18" sc="1" el="18" ec="2" bec="0" bev="0" fileid="3" />
                <SequencePoint vc="1" uspid="19" ordinal="1" sl="19" sc="1" el="19" ec="2" bec="0" bev="0" fileid="3" />
                <SequencePoint vc="1" uspid="20" ordinal="2" sl="20" sc="1" el="20" ec="2" bec="0" bev="0" fileid="3" />
              </SequencePoints>
              <BranchPoints />
              <MethodPoint vc="3" uspid="0" p8:type="SequencePoint" ordinal="2" offset="2" sc="0" sl="18" ec="1" el="20" bec="0" bev="0" fileid="3" xmlns:p8="xsi" />
            </Method>
            <Method cyclomaticComplexity="2" nPathComplexity="2" sequenceCoverage="100" branchCoverage="100" isConstructor="False" isGetter="False" isSetter="False" isStatic="True">
              <Summary numSequencePoints="5" visitedSequencePoints="5" numBranchPoints="2" visitedBranchPoints="2" sequenceCoverage="100" branchCoverage="100" maxCyclomaticComplexity="2" minCyclomaticComplexity="2" visitedClasses="0" numClasses="0" visitedMethods="1" numMethods="1" />
              <MetadataToken />
              <Name>System.Double Calculator.Services.CalculatorService::Divide(Calculator.Models.Operation)</Name>
              <FileRef uid="3" />
              <SequencePoints>
                <SequencePoint vc="2" uspid="23" ordinal="0" sl="23" sc="1" el="23" ec="2" bec="0" bev="0" fileid="3" />
                <SequencePoint vc="2" uspid="24" ordinal="1" sl="24" sc="1" el="24" ec="2" bec="2" bev="2" fileid="3" />
                <SequencePoint vc="1" uspid="25" ordinal="2" sl="25" sc="1" el="25" ec="2" bec="0" bev="0" fileid="3" />
                <SequencePoint vc="1" uspid="26" ordinal="3" sl="26" sc="1" el="26" ec="2" bec="0" bev="0" fileid="3" />
                <SequencePoint vc="1" uspid="27" ordinal="4" sl="27" sc="1" el="27" ec="2" bec="0" bev="0" fileid="3" />
              </SequencePoints>
              <BranchPoints>
                <BranchPoint vc="1" uspid="24" ordinal="0" path="0" offset="20" offsetend="22" sl="24" fileid="3" />
                <BranchPoint vc="1" uspid="24" ordinal="1" path="1" offset="20" offsetend="33" sl="24" fileid="3" />
              </BranchPoints>
              <MethodPoint vc="5" uspid="0" p8:type="SequencePoint" ordinal="3" offset="3" sc="0" sl="23" ec="1" el="27" bec="0" bev="0" fileid="3" xmlns:p8="xsi" />
            </Method>
          </Methods>
        </Class>
      </Classes>
    </Module>
  </Modules>
</CoverageSession>